<?xml version="1.0" encoding="UTF-8"?>
<!-- Generated by org.testng.reporters.JUnitReportReporter -->
<testsuite hostname="DESKTOP-6NQ8E1M" failures="0" tests="4" name="test.LoginWithParametersTest" time="18.133" errors="0" timestamp="2024-11-20T18:35:16 IST" skipped="0">
  <testcase classname="test.LoginWithParametersTest" name="LoginwithParameter" time="7.491"/>
  <testcase classname="test.LoginWithParametersTest" name="LoginwithParameter" time="3.360"/>
  <testcase classname="test.LoginWithParametersTest" name="LoginwithParameter" time="3.249"/>
  <testcase classname="test.LoginWithParametersTest" name="LoginwithParameter" time="4.033"/>
</testsuite> <!-- test.LoginWithParametersTest -->
