<?xml version="1.0" encoding="UTF-8"?>
<!-- Generated by org.testng.reporters.JUnitReportReporter -->
<testsuite hostname="DESKTOP-6NQ8E1M" failures="0" tests="1" name="test.TS_005_LogoutPageTest" time="5.127" errors="0" timestamp="2024-11-23T00:11:26 IST" skipped="0">
  <testcase classname="test.TS_005_LogoutPageTest" name="clickOnLogout" time="5.127"/>
</testsuite> <!-- test.TS_005_LogoutPageTest -->
