<?xml version="1.0" encoding="UTF-8"?>
<!-- Generated by org.testng.reporters.JUnitReportReporter -->
<testsuite hostname="DESKTOP-6NQ8E1M" failures="0" tests="1" name="test.LogoutPageTest" time="6.036" errors="0" timestamp="2024-11-20T19:01:50 IST" skipped="0">
  <testcase classname="test.LogoutPageTest" name="clickOnLogout" time="6.036"/>
</testsuite> <!-- test.LogoutPageTest -->
