<?xml version="1.0" encoding="UTF-8"?>
<!-- Generated by org.testng.reporters.JUnitReportReporter -->
<testsuite hostname="DESKTOP-6NQ8E1M" failures="0" tests="1" name="test.ChangePasswordTest" time="8.067" errors="0" timestamp="2024-11-20T18:35:16 IST" skipped="0">
  <testcase classname="test.ChangePasswordTest" name="changePassword" time="8.067"/>
</testsuite> <!-- test.ChangePasswordTest -->
