<?xml version="1.0" encoding="UTF-8"?>
<!-- Generated by org.testng.reporters.JUnitReportReporter -->
<testsuite hostname="DESKTOP-6NQ8E1M" failures="0" tests="1" name="test.LoginPageTest" time="5.799" errors="0" timestamp="2024-11-23T14:24:02 IST" skipped="0">
  <testcase classname="test.LoginPageTest" name="LoginToAdactin" time="5.799"/>
</testsuite> <!-- test.LoginPageTest -->
